-------------------------------------------------------------------------------
Test set: org.javaboy.vhr.controller.Stock.StockControllerTest
-------------------------------------------------------------------------------
Tests run: 1, Failures: 0, Errors: 1, Skipped: 0, Time elapsed: 0.05 s <<< FAILURE! - in org.javaboy.vhr.controller.Stock.StockControllerTest
testGetStockListByName(org.javaboy.vhr.controller.Stock.StockControllerTest)  Time elapsed: 0.009 s  <<< ERROR!
java.lang.NullPointerException
	at org.javaboy.vhr.controller.Stock.StockControllerTest.testGetStockListByName(StockControllerTest.java:34)

