<?xml version="1.0" encoding="UTF-8"?>
<testsuite xmlns:xsi="http://www.w3.org/2001/XMLSchema-instance" xsi:noNamespaceSchemaLocation="https://maven.apache.org/surefire/maven-surefire-plugin/xsd/surefire-test-report.xsd" name="org.javaboy.vhr.controller.Stock.StockControllerTest" time="0.05" tests="1" errors="1" skipped="0" failures="0">
  <properties>
[...]
</properties>
  <testcase name="testGetStockListByName" classname="org.javaboy.vhr.controller.Stock.StockControllerTest" time="0.009">
    <error type="java.lang.NullPointerException">java.lang.NullPointerException
	at org.javaboy.vhr.controller.Stock.StockControllerTest.testGetStockListByName(StockControllerTest.java:34)
</error>
  </testcase>
</testsuite>